This is pdfTeX, Version 3.14159265-2.6-1.40.18 (TeX Live 2017/Debian) (preloaded format=pdflatex 2019.7.14)  28 JAN 2020 01:31
entering extended mode
 restricted \write18 enabled.
 %&-line parsing enabled.
**gait_thesis.tex
(./gait_thesis.tex
LaTeX2e <2017-04-15>
Babel <3.18> and hyphenation patterns for 30 language(s) loaded.
(/usr/share/texlive/texmf-dist/tex/latex/base/report.cls
Document Class: report 2014/09/29 v1.4h Standard LaTeX document class
(/usr/share/texlive/texmf-dist/tex/latex/base/size12.clo
File: size12.clo 2014/09/29 v1.4h Standard LaTeX file (size option)
)
\c@part=\count79
\c@chapter=\count80
\c@section=\count81
\c@subsection=\count82
\c@subsubsection=\count83
\c@paragraph=\count84
\c@subparagraph=\count85
\c@figure=\count86
\c@table=\count87
\abovecaptionskip=\skip41
\belowcaptionskip=\skip42
\bibindent=\dimen102
)
(./buet_msc_thesis.sty
(/usr/share/texlive/texmf-dist/tex/latex/graphics/graphicx.sty
Package: graphicx 2017/06/01 v1.1a Enhanced LaTeX Graphics (DPC,SPQR)

(/usr/share/texlive/texmf-dist/tex/latex/graphics/keyval.sty
Package: keyval 2014/10/28 v1.15 key=value parser (DPC)
\KV@toks@=\toks14
)
(/usr/share/texlive/texmf-dist/tex/latex/graphics/graphics.sty
Package: graphics 2017/06/25 v1.2c Standard LaTeX Graphics (DPC,SPQR)

(/usr/share/texlive/texmf-dist/tex/latex/graphics/trig.sty
Package: trig 2016/01/03 v1.10 sin cos tan (DPC)
)
(/usr/share/texlive/texmf-dist/tex/latex/graphics-cfg/graphics.cfg
File: graphics.cfg 2016/06/04 v1.11 sample graphics configuration
)
Package graphics Info: Driver file: pdftex.def on input line 99.

(/usr/share/texlive/texmf-dist/tex/latex/graphics-def/pdftex.def
File: pdftex.def 2018/01/08 v1.0l Graphics/color driver for pdftex
))
\Gin@req@height=\dimen103
\Gin@req@width=\dimen104
)
(/usr/share/texlive/texmf-dist/tex/latex/algorithms/algorithmic.sty
Package: algorithmic 2009/08/24 v0.1 Document Style `algorithmic'

(/usr/share/texlive/texmf-dist/tex/latex/base/ifthen.sty
Package: ifthen 2014/09/29 v1.1c Standard LaTeX ifthen package (DPC)
)
\c@ALC@unique=\count88
\c@ALC@line=\count89
\c@ALC@rem=\count90
\c@ALC@depth=\count91
\ALC@tlm=\skip43
\algorithmicindent=\skip44
)
(/usr/share/texlive/texmf-dist/tex/latex/algorithms/algorithm.sty
Package: algorithm 2009/08/24 v0.1 Document Style `algorithm' - floating enviro
nment

(/usr/share/texlive/texmf-dist/tex/latex/float/float.sty
Package: float 2001/11/08 v1.3d Float enhancements (AL)
\c@float@type=\count92
\float@exts=\toks15
\float@box=\box26
\@float@everytoks=\toks16
\@floatcapt=\box27
)
\@float@every@algorithm=\toks17
\c@algorithm=\count93
)
(/usr/share/texlive/texmf-dist/tex/latex/amscls/amsthm.sty
Package: amsthm 2017/10/31 v2.20.4
\thm@style=\toks18
\thm@bodyfont=\toks19
\thm@headfont=\toks20
\thm@notefont=\toks21
\thm@headpunct=\toks22
\thm@preskip=\skip45
\thm@postskip=\skip46
\thm@headsep=\skip47
\dth@everypar=\toks23
)
(/usr/share/texlive/texmf-dist/tex/latex/amsfonts/amssymb.sty
Package: amssymb 2013/01/14 v3.01 AMS font symbols

(/usr/share/texlive/texmf-dist/tex/latex/amsfonts/amsfonts.sty
Package: amsfonts 2013/01/14 v3.01 Basic AMSFonts support
\@emptytoks=\toks24
\symAMSa=\mathgroup4
\symAMSb=\mathgroup5
LaTeX Font Info:    Overwriting math alphabet `\mathfrak' in version `bold'
(Font)                  U/euf/m/n --> U/euf/b/n on input line 106.
))
(/usr/share/texlive/texmf-dist/tex/latex/amsmath/amsmath.sty
Package: amsmath 2017/09/02 v2.17a AMS math features
\@mathmargin=\skip48

For additional information on amsmath, use the `?' option.
(/usr/share/texlive/texmf-dist/tex/latex/amsmath/amstext.sty
Package: amstext 2000/06/29 v2.01 AMS text

(/usr/share/texlive/texmf-dist/tex/latex/amsmath/amsgen.sty
File: amsgen.sty 1999/11/30 v2.0 generic functions
\@emptytoks=\toks25
\ex@=\dimen105
))
(/usr/share/texlive/texmf-dist/tex/latex/amsmath/amsbsy.sty
Package: amsbsy 1999/11/29 v1.2d Bold Symbols
\pmbraise@=\dimen106
)
(/usr/share/texlive/texmf-dist/tex/latex/amsmath/amsopn.sty
Package: amsopn 2016/03/08 v2.02 operator names
)
\inf@bad=\count94
LaTeX Info: Redefining \frac on input line 213.
\uproot@=\count95
\leftroot@=\count96
LaTeX Info: Redefining \overline on input line 375.
\classnum@=\count97
\DOTSCASE@=\count98
LaTeX Info: Redefining \ldots on input line 472.
LaTeX Info: Redefining \dots on input line 475.
LaTeX Info: Redefining \cdots on input line 596.
\Mathstrutbox@=\box28
\strutbox@=\box29
\big@size=\dimen107
LaTeX Font Info:    Redeclaring font encoding OML on input line 712.
LaTeX Font Info:    Redeclaring font encoding OMS on input line 713.
\macc@depth=\count99
\c@MaxMatrixCols=\count100
\dotsspace@=\muskip10
\c@parentequation=\count101
\dspbrk@lvl=\count102
\tag@help=\toks26
\row@=\count103
\column@=\count104
\maxfields@=\count105
\andhelp@=\toks27
\eqnshift@=\dimen108
\alignsep@=\dimen109
\tagshift@=\dimen110
\tagwidth@=\dimen111
\totwidth@=\dimen112
\lineht@=\dimen113
\@envbody=\toks28
\multlinegap=\skip49
\multlinetaggap=\skip50
\mathdisplay@stack=\toks29
LaTeX Info: Redefining \[ on input line 2817.
LaTeX Info: Redefining \] on input line 2818.
)
(/usr/share/texlive/texmf-dist/tex/latex/geometry/geometry.sty
Package: geometry 2010/09/12 v5.6 Page Geometry

(/usr/share/texlive/texmf-dist/tex/generic/oberdiek/ifpdf.sty
Package: ifpdf 2017/03/15 v3.2 Provides the ifpdf switch
)
(/usr/share/texlive/texmf-dist/tex/generic/oberdiek/ifvtex.sty
Package: ifvtex 2016/05/16 v1.6 Detect VTeX and its facilities (HO)
Package ifvtex Info: VTeX not detected.
)
(/usr/share/texlive/texmf-dist/tex/generic/ifxetex/ifxetex.sty
Package: ifxetex 2010/09/12 v0.6 Provides ifxetex conditional
)
\Gm@cnth=\count106
\Gm@cntv=\count107
\c@Gm@tempcnt=\count108
\Gm@bindingoffset=\dimen114
\Gm@wd@mp=\dimen115
\Gm@odd@mp=\dimen116
\Gm@even@mp=\dimen117
\Gm@layoutwidth=\dimen118
\Gm@layoutheight=\dimen119
\Gm@layouthoffset=\dimen120
\Gm@layoutvoffset=\dimen121
\Gm@dimlist=\toks30
)
(/usr/share/texlive/texmf-dist/tex/latex/psnfss/times.sty
Package: times 2005/04/12 PSNFSS-v9.2a (SPQR) 
)
(/usr/share/texlive/texmf-dist/tex/latex/cite/cite.sty
LaTeX Info: Redefining \cite on input line 302.
LaTeX Info: Redefining \nocite on input line 332.
Package: cite 2015/02/27  v 5.5
)
(/usr/share/texlive/texmf-dist/tex/latex/url/url.sty
\Urlmuskip=\muskip11
Package: url 2013/09/16  ver 3.4  Verb mode for urls, etc.
)
(/usr/share/texlive/texmf-dist/tex/latex/listings/listings.sty
\lst@mode=\count109
\lst@gtempboxa=\box30
\lst@token=\toks31
\lst@length=\count110
\lst@currlwidth=\dimen122
\lst@column=\count111
\lst@pos=\count112
\lst@lostspace=\dimen123
\lst@width=\dimen124
\lst@newlines=\count113
\lst@lineno=\count114
\lst@maxwidth=\dimen125

(/usr/share/texlive/texmf-dist/tex/latex/listings/lstmisc.sty
File: lstmisc.sty 2015/06/04 1.6 (Carsten Heinz)
\c@lstnumber=\count115
\lst@skipnumbers=\count116
\lst@framebox=\box31
)
(/usr/share/texlive/texmf-dist/tex/latex/listings/listings.cfg
File: listings.cfg 2015/06/04 1.6 listings configuration
))
Package: listings 2015/06/04 1.6 (Carsten Heinz)

(/usr/share/texlive/texmf-dist/tex/latex/multirow/multirow.sty
Package: multirow 2016/11/25 v2.2 Span multiple rows of a table
\multirow@colwidth=\skip51
\multirow@cntb=\count117
\multirow@dima=\skip52
\bigstrutjot=\dimen126
)
(/usr/share/texlive/texmf-dist/tex/latex/glossaries/base/glossaries.sty
Package: glossaries 2017/11/14 v4.35 (NLCT)

(/usr/share/texlive/texmf-dist/tex/latex/xkeyval/xkeyval.sty
Package: xkeyval 2014/12/03 v2.7a package option processing (HA)

(/usr/share/texlive/texmf-dist/tex/generic/xkeyval/xkeyval.tex
(/usr/share/texlive/texmf-dist/tex/generic/xkeyval/xkvutils.tex
\XKV@toks=\toks32
\XKV@tempa@toks=\toks33
)
\XKV@depth=\count118
File: xkeyval.tex 2014/12/03 v2.7a key=value parser (HA)
))
(/usr/share/texlive/texmf-dist/tex/latex/mfirstuc/mfirstuc.sty
Package: mfirstuc 2017/11/14 v2.06 (NLCT)

(/usr/share/texlive/texmf-dist/tex/latex/etoolbox/etoolbox.sty
Package: etoolbox 2018/02/11 v2.5e e-TeX tools for LaTeX (JAW)
\etb@tempcnta=\count119
)
\@glsmfirst=\toks34
\@glsmrest=\toks35
)
(/usr/share/texlive/texmf-dist/tex/latex/textcase/textcase.sty
Package: textcase 2004/10/07 v0.07 Text only upper/lower case changing (DPC)
)
(/usr/share/texlive/texmf-dist/tex/latex/xfor/xfor.sty
Package: xfor 2009/02/05 v1.05 (NLCT)
)
(/usr/share/texlive/texmf-dist/tex/latex/datatool/datatool-base.sty
Package: datatool-base 2017/11/12 v2.29 (NLCT)

(/usr/share/texlive/texmf-dist/tex/latex/substr/substr.sty
Package: substr 2009/10/20 v1.2 Handle substrings
\c@su@anzahl=\count120
)
(/usr/share/texlive/texmf-dist/tex/latex/datatool/datatool-fp.sty
Package: datatool-fp 2017/11/12 v2.29 (NLCT)

(/usr/share/texlive/texmf-dist/tex/latex/fp/fp.sty
Package: fp 1995/04/02

`Fixed Point Package', Version 0.8, April 2, 1995 (C) Michael Mehlich
(/usr/share/texlive/texmf-dist/tex/latex/fp/defpattern.sty
Package: defpattern 1994/10/12
\actioncount=\count121
)
(/usr/share/texlive/texmf-dist/tex/latex/fp/fp-basic.sty
Package: fp-basic 1996/05/13
\FP@xs=\count122
\FP@xia=\count123
\FP@xib=\count124
\FP@xfa=\count125
\FP@xfb=\count126
\FP@rega=\count127
\FP@regb=\count128
\FP@regs=\count129
\FP@times=\count130
)
(/usr/share/texlive/texmf-dist/tex/latex/fp/fp-addons.sty
Package: fp-addons 1995/03/15
)
(/usr/share/texlive/texmf-dist/tex/latex/fp/fp-snap.sty
Package: fp-snap 1995/04/05
)
(/usr/share/texlive/texmf-dist/tex/latex/fp/fp-exp.sty
Package: fp-exp 1995/04/03
)
(/usr/share/texlive/texmf-dist/tex/latex/fp/fp-trigo.sty
Package: fp-trigo 1995/04/14
)
(/usr/share/texlive/texmf-dist/tex/latex/fp/fp-pas.sty
Package: fp-pas 1994/08/29
)
(/usr/share/texlive/texmf-dist/tex/latex/fp/fp-random.sty
Package: fp-random 1995/02/23
\FPseed=\count131
)
(/usr/share/texlive/texmf-dist/tex/latex/fp/fp-eqn.sty
Package: fp-eqn 1995/04/03
)
(/usr/share/texlive/texmf-dist/tex/latex/fp/fp-upn.sty
Package: fp-upn 1996/10/21
)
(/usr/share/texlive/texmf-dist/tex/latex/fp/fp-eval.sty
Package: fp-eval 1995/04/03
)))
\@dtl@toks=\toks36
\@dtl@tmpcount=\count132
\dtl@tmplength=\skip53
\dtl@sortresult=\count133
\@dtl@numgrpsepcount=\count134
\@dtl@datatype=\count135
\dtl@codeA=\count136
\dtl@codeB=\count137
\@dtl@foreach@level=\count138
)
(/usr/share/texlive/texmf-dist/tex/latex/glossaries/base/glossaries-compatible-
307.sty
Package: glossaries-compatible-307 2017/11/14 v4.35 (NLCT)
)
\gls@level=\count139
\@gls@tmpb=\toks37
\gls@tmplen=\skip54
\glskeylisttok=\toks38
\glslabeltok=\toks39
\glsshorttok=\toks40
\glslongtok=\toks41

(/usr/share/texlive/texmf-dist/tex/latex/glossaries/styles/glossary-hypernav.st
y
Package: glossary-hypernav 2017/11/14 v4.35 (NLCT)
) (/usr/share/texlive/texmf-dist/tex/latex/glossaries/styles/glossary-list.sty
Package: glossary-list 2017/11/14 v4.35 (NLCT)
\glslistdottedwidth=\skip55
) (/usr/share/texlive/texmf-dist/tex/latex/glossaries/styles/glossary-long.sty
Package: glossary-long 2017/11/14 v4.35 (NLCT)

(/usr/share/texlive/texmf-dist/tex/latex/tools/longtable.sty
Package: longtable 2014/10/28 v4.11 Multi-page Table package (DPC)
\LTleft=\skip56
\LTright=\skip57
\LTpre=\skip58
\LTpost=\skip59
\LTchunksize=\count140
\LTcapwidth=\dimen127
\LT@head=\box32
\LT@firsthead=\box33
\LT@foot=\box34
\LT@lastfoot=\box35
\LT@cols=\count141
\LT@rows=\count142
\c@LT@tables=\count143
\c@LT@chunks=\count144
\LT@p@ftn=\toks42
)
\glsdescwidth=\skip60
\glspagelistwidth=\skip61
)
(/usr/share/texlive/texmf-dist/tex/latex/glossaries/styles/glossary-super.sty
Package: glossary-super 2017/11/14 v4.35 (NLCT)

(/usr/share/texlive/texmf-dist/tex/latex/supertabular/supertabular.sty
Package: supertabular 2004/02/20 v4.1e the supertabular environment
\c@tracingst=\count145
\ST@wd=\dimen128
\ST@rightskip=\skip62
\ST@leftskip=\skip63
\ST@parfillskip=\skip64
\ST@pageleft=\dimen129
\ST@headht=\dimen130
\ST@tailht=\dimen131
\ST@pagesofar=\dimen132
\ST@pboxht=\dimen133
\ST@lineht=\dimen134
\ST@stretchht=\dimen135
\ST@prevht=\dimen136
\ST@toadd=\dimen137
\ST@dimen=\dimen138
\ST@pbox=\box36
))
(/usr/share/texlive/texmf-dist/tex/latex/glossaries/styles/glossary-tree.sty
Package: glossary-tree 2017/11/14 v4.35 (NLCT)
\glstreeindent=\skip65
))
(/usr/share/texlive/texmf-dist/tex/latex/hyperref/hyperref.sty
Package: hyperref 2018/02/06 v6.86b Hypertext links for LaTeX

(/usr/share/texlive/texmf-dist/tex/generic/oberdiek/hobsub-hyperref.sty
Package: hobsub-hyperref 2016/05/16 v1.14 Bundle oberdiek, subset hyperref (HO)


(/usr/share/texlive/texmf-dist/tex/generic/oberdiek/hobsub-generic.sty
Package: hobsub-generic 2016/05/16 v1.14 Bundle oberdiek, subset generic (HO)
Package: hobsub 2016/05/16 v1.14 Construct package bundles (HO)
Package: infwarerr 2016/05/16 v1.4 Providing info/warning/error messages (HO)
Package: ltxcmds 2016/05/16 v1.23 LaTeX kernel commands for general use (HO)
Package: ifluatex 2016/05/16 v1.4 Provides the ifluatex switch (HO)
Package ifluatex Info: LuaTeX not detected.
Package hobsub Info: Skipping package `ifvtex' (already loaded).
Package: intcalc 2016/05/16 v1.2 Expandable calculations with integers (HO)
Package hobsub Info: Skipping package `ifpdf' (already loaded).
Package: etexcmds 2016/05/16 v1.6 Avoid name clashes with e-TeX commands (HO)
Package etexcmds Info: Could not find \expanded.
(etexcmds)             That can mean that you are not using pdfTeX 1.50 or
(etexcmds)             that some package has redefined \expanded.
(etexcmds)             In the latter case, load this package earlier.
Package: kvsetkeys 2016/05/16 v1.17 Key value parser (HO)
Package: kvdefinekeys 2016/05/16 v1.4 Define keys (HO)
Package: pdftexcmds 2018/01/21 v0.26 Utility functions of pdfTeX for LuaTeX (HO
)
Package pdftexcmds Info: LuaTeX not detected.
Package pdftexcmds Info: \pdf@primitive is available.
Package pdftexcmds Info: \pdf@ifprimitive is available.
Package pdftexcmds Info: \pdfdraftmode found.
Package: pdfescape 2016/05/16 v1.14 Implements pdfTeX's escape features (HO)
Package: bigintcalc 2016/05/16 v1.4 Expandable calculations on big integers (HO
)
Package: bitset 2016/05/16 v1.2 Handle bit-vector datatype (HO)
Package: uniquecounter 2016/05/16 v1.3 Provide unlimited unique counter (HO)
)
Package hobsub Info: Skipping package `hobsub' (already loaded).
Package: letltxmacro 2016/05/16 v1.5 Let assignment for LaTeX macros (HO)
Package: hopatch 2016/05/16 v1.3 Wrapper for package hooks (HO)
Package: xcolor-patch 2016/05/16 xcolor patch
Package: atveryend 2016/05/16 v1.9 Hooks at the very end of document (HO)
Package: atbegshi 2016/06/09 v1.18 At begin shipout hook (HO)
Package: refcount 2016/05/16 v3.5 Data extraction from label references (HO)
Package: hycolor 2016/05/16 v1.8 Color options for hyperref/bookmark (HO)
)
(/usr/share/texlive/texmf-dist/tex/latex/oberdiek/auxhook.sty
Package: auxhook 2016/05/16 v1.4 Hooks for auxiliary files (HO)
)
(/usr/share/texlive/texmf-dist/tex/latex/oberdiek/kvoptions.sty
Package: kvoptions 2016/05/16 v3.12 Key value format for package options (HO)
)
\@linkdim=\dimen139
\Hy@linkcounter=\count146
\Hy@pagecounter=\count147

(/usr/share/texlive/texmf-dist/tex/latex/hyperref/pd1enc.def
File: pd1enc.def 2018/02/06 v6.86b Hyperref: PDFDocEncoding definition (HO)
)
\Hy@SavedSpaceFactor=\count148

(/usr/share/texlive/texmf-dist/tex/latex/latexconfig/hyperref.cfg
File: hyperref.cfg 2002/06/06 v1.2 hyperref configuration of TeXLive
)
Package hyperref Info: Option `final' set `true' on input line 4383.
Package hyperref Info: Option `colorlinks' set `true' on input line 4383.
Package hyperref Info: Hyper figures OFF on input line 4509.
Package hyperref Info: Link nesting OFF on input line 4514.
Package hyperref Info: Hyper index ON on input line 4517.
Package hyperref Info: Plain pages OFF on input line 4524.
Package hyperref Info: Backreferencing OFF on input line 4529.
Package hyperref Info: Implicit mode ON; LaTeX internals redefined.
Package hyperref Info: Bookmarks ON on input line 4762.
\c@Hy@tempcnt=\count149
LaTeX Info: Redefining \url on input line 5115.
\XeTeXLinkMargin=\dimen140
\Fld@menulength=\count150
\Field@Width=\dimen141
\Fld@charsize=\dimen142
Package hyperref Info: Hyper figures OFF on input line 6369.
Package hyperref Info: Link nesting OFF on input line 6374.
Package hyperref Info: Hyper index ON on input line 6377.
Package hyperref Info: backreferencing OFF on input line 6384.
Package hyperref Info: Link coloring ON on input line 6387.
Package hyperref Info: Link coloring with OCG OFF on input line 6394.
Package hyperref Info: PDF/A mode OFF on input line 6399.
LaTeX Info: Redefining \ref on input line 6439.
LaTeX Info: Redefining \pageref on input line 6443.
\Hy@abspage=\count151
\c@Item=\count152
\c@Hfootnote=\count153
)
Package hyperref Info: Driver (autodetected): hpdftex.

(/usr/share/texlive/texmf-dist/tex/latex/hyperref/hpdftex.def
File: hpdftex.def 2018/02/06 v6.86b Hyperref driver for pdfTeX
\Fld@listcount=\count154
\c@bookmark@seq@number=\count155

(/usr/share/texlive/texmf-dist/tex/latex/oberdiek/rerunfilecheck.sty
Package: rerunfilecheck 2016/05/16 v1.8 Rerun checks for auxiliary files (HO)
Package uniquecounter Info: New unique counter `rerunfilecheck' on input line 2
82.
)
\Hy@SectionHShift=\skip66
)
\glswrite=\write3
\glo@main@file=\write4
\openout4 = `gait_thesis.glo'.

Package glossaries Info: Writing glossary file gait_thesis.glo on input line 20
.

(/usr/share/texlive/texmf-dist/tex/latex/cleveref/cleveref.sty
Package: cleveref 2018/02/08 v0.21.1 Intelligent cross-referencing
Package cleveref Info: `hyperref' support loaded on input line 2301.
LaTeX Info: Redefining \cref on input line 2301.
LaTeX Info: Redefining \Cref on input line 2301.
LaTeX Info: Redefining \crefrange on input line 2301.
LaTeX Info: Redefining \Crefrange on input line 2301.
LaTeX Info: Redefining \cpageref on input line 2301.
LaTeX Info: Redefining \Cpageref on input line 2301.
LaTeX Info: Redefining \cpagerefrange on input line 2301.
LaTeX Info: Redefining \Cpagerefrange on input line 2301.
LaTeX Info: Redefining \labelcref on input line 2301.
LaTeX Info: Redefining \labelcpageref on input line 2301.
Package cleveref Info: `amsthm' support loaded on input line 2957.
Package cleveref Info: `listings' support loaded on input line 3062.
)
(/usr/share/texlive/texmf-dist/tex/latex/caption/caption.sty
Package: caption 2016/02/21 v3.3-144 Customizing captions (AR)

(/usr/share/texlive/texmf-dist/tex/latex/caption/caption3.sty
Package: caption3 2016/05/22 v1.7-166 caption3 kernel (AR)
Package caption3 Info: TeX engine: e-TeX on input line 67.
\captionmargin=\dimen143
\captionmargin@=\dimen144
\captionwidth=\dimen145
\caption@tempdima=\dimen146
\caption@indent=\dimen147
\caption@parindent=\dimen148
\caption@hangindent=\dimen149
)
\c@ContinuedFloat=\count156
Package caption Info: float package is loaded.
Package caption Info: hyperref package is loaded.
Package caption Info: listings package is loaded.
Package caption Info: longtable package is loaded.

(/usr/share/texlive/texmf-dist/tex/latex/caption/ltcaption.sty
Package: ltcaption 2013/06/09 v1.4-94 longtable captions (AR)
)
Package caption Info: supertabular package is loaded.
)
(/usr/share/texlive/texmf-dist/tex/latex/setspace/setspace.sty
Package: setspace 2011/12/19 v6.7a set line spacing
)
(/usr/share/texlive/texmf-dist/tex/latex/tools/xspace.sty
Package: xspace 2014/10/28 v1.13 Space after command names (DPC,MH)
)
(/usr/share/texlive/texmf-dist/tex/latex/datatool/datatool.sty
Package: datatool 2017/11/12 v2.29 (NLCT)
\dtlcolumnnum=\count157
\dtlrownum=\count158
\@dtl@before=\toks43
\@dtl@after=\toks44
\@dtl@colhead=\toks45
\dtlcurrentrow=\toks46
\dtlbeforerow=\toks47
\dtlafterrow=\toks48
\dtlforeachlevel=\count159
\c@DTLrowi=\count160
\c@DTLrowii=\count161
\c@DTLrowiii=\count162
\c@DTLrow=\count163
\dtl@rowi=\count164
\dtl@rowii=\count165
\dtl@rowiii=\count166
\@dtl@curi=\toks49
\@dtl@previ=\toks50
\@dtl@nexti=\toks51
\@dtl@curii=\toks52
\@dtl@previi=\toks53
\@dtl@nextii=\toks54
\@dtl@curiii=\toks55
\@dtl@previii=\toks56
\@dtl@nextiii=\toks57
\@dtl@elements=\count167
\@dtl@list=\toks58
\@dtl@rowa=\toks59
\@dtl@rowb=\toks60
\@dtl@toksA=\toks61
\@dtl@toksB=\toks62
\@dtl@write=\write5
\@dtl@read=\read1
\dtl@entrycr=\count168
\dtl@omitlines=\count169
)
\dtldb@Supervisor=\toks63
\dtlkeys@Supervisor=\toks64
\dtlrows@Supervisor=\count170
\dtlcols@Supervisor=\count171
\dtldb@BOE=\toks65
\dtlkeys@BOE=\toks66
\dtlrows@BOE=\count172
\dtlcols@BOE=\count173

(/usr/share/texlive/texmf-dist/tex/latex/tocbibind/tocbibind.sty
Package: tocbibind 2010/10/13 v1.5k extra ToC listings
Package tocbibind Info: The document has chapter divisions on input line 50.


Package tocbibind Note: Using chapter style headings, unless overridden.

) (/usr/share/texlive/texmf-dist/tex/latex/tocloft/tocloft.sty
Package: tocloft 2017/08/31 v2.3i parameterised ToC, etc., typesetting
Package tocloft Info: The document has chapter divisions on input line 51.
\cftparskip=\skip67
\cftbeforetoctitleskip=\skip68
\cftaftertoctitleskip=\skip69
\cftbeforepartskip=\skip70
\cftpartnumwidth=\skip71
\cftpartindent=\skip72
\cftbeforechapskip=\skip73
\cftchapindent=\skip74
\cftchapnumwidth=\skip75
\cftbeforesecskip=\skip76
\cftsecindent=\skip77
\cftsecnumwidth=\skip78
\cftbeforesubsecskip=\skip79
\cftsubsecindent=\skip80
\cftsubsecnumwidth=\skip81
\cftbeforesubsubsecskip=\skip82
\cftsubsubsecindent=\skip83
\cftsubsubsecnumwidth=\skip84
\cftbeforeparaskip=\skip85
\cftparaindent=\skip86
\cftparanumwidth=\skip87
\cftbeforesubparaskip=\skip88
\cftsubparaindent=\skip89
\cftsubparanumwidth=\skip90
\cftbeforeloftitleskip=\skip91
\cftafterloftitleskip=\skip92
\cftbeforefigskip=\skip93
\cftfigindent=\skip94
\cftfignumwidth=\skip95
\c@lofdepth=\count174
\c@lotdepth=\count175
\cftbeforelottitleskip=\skip96
\cftafterlottitleskip=\skip97
\cftbeforetabskip=\skip98
\cfttabindent=\skip99
\cfttabnumwidth=\skip100
)
(/usr/share/texlive/texmf-dist/tex/latex/fancyhdr/fancyhdr.sty
Package: fancyhdr 2017/06/30 v3.9a Extensive control of page headers and footer
s
\f@nch@headwidth=\skip101
\f@nch@O@elh=\skip102
\f@nch@O@erh=\skip103
\f@nch@O@olh=\skip104
\f@nch@O@orh=\skip105
\f@nch@O@elf=\skip106
\f@nch@O@erf=\skip107
\f@nch@O@olf=\skip108
\f@nch@O@orf=\skip109
)
(/usr/share/texlive/texmf-dist/tex/latex/imakeidx/imakeidx.sty
Package: imakeidx 2016/10/15 v1.3e Package for typesetting indices in a synchro
nous mode

(/usr/share/texlive/texmf-dist/tex/latex/tools/multicol.sty
Package: multicol 2017/04/11 v1.8q multicolumn formatting (FMi)
\c@tracingmulticols=\count176
\mult@box=\box37
\multicol@leftmargin=\dimen150
\c@unbalance=\count177
\c@collectmore=\count178
\doublecol@number=\count179
\multicoltolerance=\count180
\multicolpretolerance=\count181
\full@width=\dimen151
\page@free=\dimen152
\premulticols=\dimen153
\postmulticols=\dimen154
\multicolsep=\skip110
\multicolbaselineskip=\skip111
\partial@page=\box38
\last@line=\box39
\maxbalancingoverflow=\dimen155
\mult@rightbox=\box40
\mult@grightbox=\box41
\mult@gfirstbox=\box42
\mult@firstbox=\box43
\@tempa=\box44
\@tempa=\box45
\@tempa=\box46
\@tempa=\box47
\@tempa=\box48
\@tempa=\box49
\@tempa=\box50
\@tempa=\box51
\@tempa=\box52
\@tempa=\box53
\@tempa=\box54
\@tempa=\box55
\@tempa=\box56
\@tempa=\box57
\@tempa=\box58
\@tempa=\box59
\@tempa=\box60
\c@columnbadness=\count182
\c@finalcolumnbadness=\count183
\last@try=\dimen156
\multicolovershoot=\dimen157
\multicolundershoot=\dimen158
\mult@nat@firstbox=\box61
\colbreak@box=\box62
\mc@col@check@num=\count184
)))
\gait_thesis@idxfile=\write6
\openout6 = `gait_thesis.idx'.


Writing index file gait_thesis.idx
(./gait_thesis.aux

LaTeX Warning: Label `table:comp_casia_b_with_view' multiply defined.


LaTeX Warning: Label `table:comp_casia_b_with_view@cref' multiply defined.

)
\openout1 = `gait_thesis.aux'.

LaTeX Font Info:    Checking defaults for OML/cmm/m/it on input line 16.
LaTeX Font Info:    ... okay on input line 16.
LaTeX Font Info:    Checking defaults for T1/cmr/m/n on input line 16.
LaTeX Font Info:    ... okay on input line 16.
LaTeX Font Info:    Checking defaults for OT1/cmr/m/n on input line 16.
LaTeX Font Info:    ... okay on input line 16.
LaTeX Font Info:    Checking defaults for OMS/cmsy/m/n on input line 16.
LaTeX Font Info:    ... okay on input line 16.
LaTeX Font Info:    Checking defaults for OMX/cmex/m/n on input line 16.
LaTeX Font Info:    ... okay on input line 16.
LaTeX Font Info:    Checking defaults for U/cmr/m/n on input line 16.
LaTeX Font Info:    ... okay on input line 16.
LaTeX Font Info:    Checking defaults for PD1/pdf/m/n on input line 16.
LaTeX Font Info:    ... okay on input line 16.
LaTeX Font Info:    Try loading font information for OT1+ptm on input line 16.
 (/usr/share/texlive/texmf-dist/tex/latex/psnfss/ot1ptm.fd
File: ot1ptm.fd 2001/06/04 font definitions for OT1/ptm.
)
(/usr/share/texlive/texmf-dist/tex/context/base/mkii/supp-pdf.mkii
[Loading MPS to PDF converter (version 2006.09.02).]
\scratchcounter=\count185
\scratchdimen=\dimen159
\scratchbox=\box63
\nofMPsegments=\count186
\nofMParguments=\count187
\everyMPshowfont=\toks67
\MPscratchCnt=\count188
\MPscratchDim=\dimen160
\MPnumerator=\count189
\makeMPintoPDFobject=\count190
\everyMPtoPDFconversion=\toks68
) (/usr/share/texlive/texmf-dist/tex/latex/oberdiek/epstopdf-base.sty
Package: epstopdf-base 2016/05/15 v2.6 Base part for package epstopdf

(/usr/share/texlive/texmf-dist/tex/latex/oberdiek/grfext.sty
Package: grfext 2016/05/16 v1.2 Manage graphics extensions (HO)
)
Package epstopdf-base Info: Redefining graphics rule for `.eps' on input line 4
38.
Package grfext Info: Graphics extension search list:
(grfext)             [.pdf,.png,.jpg,.mps,.jpeg,.jbig2,.jb2,.PDF,.PNG,.JPG,.JPE
G,.JBIG2,.JB2,.eps]
(grfext)             \AppendGraphicsExtensions on input line 456.

(/usr/share/texlive/texmf-dist/tex/latex/latexconfig/epstopdf-sys.cfg
File: epstopdf-sys.cfg 2010/07/13 v1.3 Configuration of (r)epstopdf for TeX Liv
e
))
*geometry* driver: auto-detecting
*geometry* detected driver: pdftex
*geometry* verbose mode - [ preamble ] result:
* driver: pdftex
* paper: a4paper
* layout: <same size as paper>
* layoutoffset:(h,v)=(0.0pt,0.0pt)
* modes: 
* h-part:(L,W,R)=(108.405pt, 416.83289pt, 72.26999pt)
* v-part:(T,H,B)=(90.3375pt, 682.43936pt, 72.26999pt)
* \paperwidth=597.50787pt
* \paperheight=845.04684pt
* \textwidth=416.83289pt
* \textheight=682.43936pt
* \oddsidemargin=36.13501pt
* \evensidemargin=36.13501pt
* \topmargin=-18.9325pt
* \headheight=12.0pt
* \headsep=25.0pt
* \topskip=12.0pt
* \footskip=30.0pt
* \marginparwidth=44.0pt
* \marginparsep=10.0pt
* \columnsep=10.0pt
* \skip\footins=10.8pt plus 4.0pt minus 2.0pt
* \hoffset=0.0pt
* \voffset=0.0pt
* \mag=1000
* \@twocolumnfalse
* \@twosidefalse
* \@mparswitchfalse
* \@reversemarginfalse
* (1in=72.27pt=25.4mm, 1cm=28.453pt)

\c@lstlisting=\count191
\AtBeginShipoutBox=\box64
(/usr/share/texlive/texmf-dist/tex/latex/graphics/color.sty
Package: color 2016/07/10 v1.1e Standard LaTeX Color (DPC)

(/usr/share/texlive/texmf-dist/tex/latex/graphics-cfg/color.cfg
File: color.cfg 2016/01/02 v1.6 sample color configuration
)
Package color Info: Driver file: pdftex.def on input line 147.
)
Package hyperref Info: Link coloring ON on input line 16.

(/usr/share/texlive/texmf-dist/tex/latex/hyperref/nameref.sty
Package: nameref 2016/05/21 v2.44 Cross-referencing by name of section

(/usr/share/texlive/texmf-dist/tex/generic/oberdiek/gettitlestring.sty
Package: gettitlestring 2016/05/16 v1.5 Cleanup title references (HO)
)
\c@section@level=\count192
)
LaTeX Info: Redefining \ref on input line 16.
LaTeX Info: Redefining \pageref on input line 16.
LaTeX Info: Redefining \nameref on input line 16.

(./gait_thesis.out) (./gait_thesis.out)
\@outlinefile=\write7
\openout7 = `gait_thesis.out'.

Package caption Info: Begin \AtBeginDocument code.
Package caption Info: End \AtBeginDocument code.
LaTeX Font Info:    Font shape `OT1/ptm/bx/n' in size <12> not available
(Font)              Font shape `OT1/ptm/b/n' tried instead on input line 16.
LaTeX Font Info:    Font shape `OT1/ptm/bx/n' in size <17.28> not available
(Font)              Font shape `OT1/ptm/b/n' tried instead on input line 16.
LaTeX Font Info:    Font shape `OT1/ptm/bx/sc' in size <17.28> not available
(Font)              Font shape `OT1/ptm/b/sc' tried instead on input line 16.
 (./parameters/thesistitle.txt)
(./parameters/author.txt) (./parameters/StudentID.txt)
<figures/buetlogo.png, id=207, 456.20438pt x 457.10776pt>
File: figures/buetlogo.png Graphic file (type png)
<use figures/buetlogo.png>
Package pdftex.def Info: figures/buetlogo.png  used on input line 16.
(pdftex.def)             Requested size: 113.81102pt x 114.03253pt.

(./parameters/thesisdate.txt) [1

\openout3 = `gait_thesis.ist'.

{/var/lib/texmf/fonts/map/pdftex/updmap/pdftex.map} <./figures/buetlogo.png>] (
./parameters/thesistitle.txt)
(./parameters/author.txt) (./parameters/StudentID.txt)
(./parameters/thesisdate.txt)
LaTeX Font Info:    Font shape `OT1/ptm/bx/n' in size <14.4> not available
(Font)              Font shape `OT1/ptm/b/n' tried instead on input line 16.

Underfull \hbox (badness 10000) in paragraph at lines 16--16

 []


Underfull \hbox (badness 10000) in paragraph at lines 16--16

 []


Underfull \hbox (badness 10000) in paragraph at lines 16--16

 []


Underfull \hbox (badness 10000) in paragraph at lines 16--16

 []


Underfull \hbox (badness 10000) in paragraph at lines 16--16

 []


Underfull \hbox (badness 10000) in paragraph at lines 16--16

 []

[1

] (./parameters/thesistitle.txt) (./parameters/author.txt)
(./parameters/author.txt) (./parameters/StudentID.txt) [2

]
(./pages/abstract.tex
LaTeX Font Info:    Font shape `OT1/ptm/bx/n' in size <10.95> not available
(Font)              Font shape `OT1/ptm/b/n' tried instead on input line 6.
) [3

] (./pages/acknowledgement.tex
(./parameters/thesisdate.txt) (./parameters/author.txt)) [4

]
LaTeX Font Info:    Font shape `OT1/ptm/bx/n' in size <24.88> not available
(Font)              Font shape `OT1/ptm/b/n' tried instead on input line 16.
 (./gait_thesis.toc
LaTeX Font Info:    Try loading font information for U+msa on input line 1.
(/usr/share/texlive/texmf-dist/tex/latex/amsfonts/umsa.fd
File: umsa.fd 2013/01/14 v3.01 AMS symbols A
)
LaTeX Font Info:    Try loading font information for U+msb on input line 1.

(/usr/share/texlive/texmf-dist/tex/latex/amsfonts/umsb.fd
File: umsb.fd 2013/01/14 v3.01 AMS symbols B
) [5

]
Overfull \hbox (14.21541pt too wide) in paragraph at lines 50--50
 [][] [][][]\OT1/ptm/m/n/12 Comparison with the State-of-the-art Meth-ods of CA
-SIA B Dataset 
 []


Overfull \hbox (0.92082pt too wide) in paragraph at lines 52--52
 [][] [][][]\OT1/ptm/m/n/12 Comparison with the state-of-the-art meth-ods on mu
lti-view gait 
 []

)
\tf@toc=\write8
\openout8 = `gait_thesis.toc'.

 [6] (./gait_thesis.lof [7

])
\tf@lof=\write9
\openout9 = `gait_thesis.lof'.

 [8] [9] (./gait_thesis.lot
Overfull \hbox (4.26407pt too wide) in paragraph at lines 12--12
 [][] [][][]\OT1/ptm/m/n/12 The av-er-age recog-ni-tion rates for all three pro
be sets of CA-SIA B dataset. 
 []

[10

]
Overfull \hbox (0.48384pt too wide) in paragraph at lines 14--14
 \OT1/ptm/m/n/12 cross-view gait recog-ni-tion at dif-fer-ent probe an-gles of 
CA-SIA B dataset 
 []


Overfull \hbox (6.8932pt too wide) in paragraph at lines 16--16
 \OT1/ptm/m/n/12 net-work on all three probe set of CASIA-B dataset. The net-wo
rk achieved 
 []

)
\tf@lot=\write10
\openout10 = `gait_thesis.lot'.

 (./pages/abbreviations.tex (./gait_thesis.gls [11])) [12


]
(./chapters/introduction.tex
Chapter 1.
Missing character: There is no â in font ptmr7t!
Missing character: There is no € in font ptmr7t!
Missing character: There is no ™ in font ptmr7t!
pdfTeX warning (ext4): destination with the same identifier (name{page.1}) has 
been already used, duplicate ignored
<to be read again> 
                   \relax 
l.10 \section
             {Challenges in Gait Recognition} [1


]

Package Fancyhdr Warning: \headheight is too small (12.0pt): 
 Make it at least 14.49998pt.
 We now make it that large for the rest of the document.
 This may cause the page layout to be inconsistent, however.

[2]
LaTeX Font Info:    Try loading font information for OMS+ptm on input line 23.
 (/usr/share/texlive/texmf-dist/tex/latex/psnfss/omsptm.fd
File: omsptm.fd 
)
LaTeX Font Info:    Font shape `OMS/ptm/m/n' in size <12> not available
(Font)              Font shape `OMS/cmsy/m/n' tried instead on input line 23.

Overfull \hbox (4.44734pt too wide) in paragraph at lines 32--33
\OT1/ptm/m/n/12 Modern deep learning-based al-go-rithms have re-cently gained i
n-creas-ing pop-u-lar-ity while
 []

[3] [4]) (./chapters/literature_review.tex [5]
Chapter 2.
[6

] [7] [8]) (./chapters/methodology.tex [9]
Chapter 3.
Package epstopdf Info: Source file: <figures/proposed_method.eps>
(epstopdf)                    date: 2020-01-14 04:57:05
(epstopdf)                    size: 520014 bytes
(epstopdf)             Output file: <figures/proposed_method-eps-converted-to.p
df>
(epstopdf)                    date: 2020-01-14 04:57:38
(epstopdf)                    size: 103699 bytes
(epstopdf)             Command: <repstopdf --outfile=figures/proposed_method-ep
s-converted-to.pdf figures/proposed_method.eps>
(epstopdf)             \includegraphics on input line 8.
Package epstopdf Info: Output file is already uptodate.


pdfTeX warning: /usr/bin/pdflatex (file ./figures/proposed_method-eps-converted
-to.pdf): PDF inclusion: found PDF version <1.7>, but at most version <1.5> all
owed
<figures/proposed_method-eps-converted-to.pdf, id=579, 294.09875pt x 502.87875p
t>
File: figures/proposed_method-eps-converted-to.pdf Graphic file (type pdf)
<use figures/proposed_method-eps-converted-to.pdf>
Package pdftex.def Info: figures/proposed_method-eps-converted-to.pdf  used on 
input line 8.
(pdftex.def)             Requested size: 327.20668pt x 559.49113pt.
[10

] [11 <./figures/proposed_method-eps-converted-to.pdf>]
Package epstopdf Info: Source file: <figures/extracted_features.eps>
(epstopdf)                    date: 2020-01-13 22:01:34
(epstopdf)                    size: 2573354 bytes
(epstopdf)             Output file: <figures/extracted_features-eps-converted-t
o.pdf>
(epstopdf)                    date: 2020-01-14 07:27:30
(epstopdf)                    size: 2368782 bytes
(epstopdf)             Command: <repstopdf --outfile=figures/extracted_features
-eps-converted-to.pdf figures/extracted_features.eps>
(epstopdf)             \includegraphics on input line 26.
Package epstopdf Info: Output file is already uptodate.


pdfTeX warning: /usr/bin/pdflatex (file ./figures/extracted_features-eps-conver
ted-to.pdf): PDF inclusion: found PDF version <1.7>, but at most version <1.5> 
allowed
<figures/extracted_features-eps-converted-to.pdf, id=611, 1423.3175pt x 1707.37
875pt>
File: figures/extracted_features-eps-converted-to.pdf Graphic file (type pdf)
<use figures/extracted_features-eps-converted-to.pdf>
Package pdftex.def Info: figures/extracted_features-eps-converted-to.pdf  used 
on input line 26.
(pdftex.def)             Requested size: 341.43306pt x 409.57086pt.
Missing character: There is no â in font ptmr7t!
Missing character: There is no € in font ptmr7t!
Missing character: There is no ™ in font ptmr7t!
Missing character: There is no â in font cmr12!
Missing character: There is no € in font cmr12!
Missing character: There is no “ in font cmr12!
Missing character: There is no â in font cmr12!
Missing character: There is no € in font cmr12!
Missing character: There is no “ in font cmr12!
Missing character: There is no â in font cmr12!
Missing character: There is no € in font cmr12!
Missing character: There is no “ in font cmr12!
Missing character: There is no â in font cmr12!
Missing character: There is no € in font cmr12!
Missing character: There is no “ in font cmr12!
[12] [13 <./figures/extracted_features-eps-converted-to.pdf>] [14]
Package epstopdf Info: Source file: <figures/pose_estimation.eps>
(epstopdf)                    date: 2020-01-13 22:05:15
(epstopdf)                    size: 328578 bytes
(epstopdf)             Output file: <figures/pose_estimation-eps-converted-to.p
df>
(epstopdf)                    date: 2020-01-14 07:09:56
(epstopdf)                    size: 65167 bytes
(epstopdf)             Command: <repstopdf --outfile=figures/pose_estimation-ep
s-converted-to.pdf figures/pose_estimation.eps>
(epstopdf)             \includegraphics on input line 123.
Package epstopdf Info: Output file is already uptodate.


pdfTeX warning: /usr/bin/pdflatex (file ./figures/pose_estimation-eps-converted
-to.pdf): PDF inclusion: found PDF version <1.7>, but at most version <1.5> all
owed
<figures/pose_estimation-eps-converted-to.pdf, id=652, 665.48625pt x 248.93pt>
File: figures/pose_estimation-eps-converted-to.pdf Graphic file (type pdf)
<use figures/pose_estimation-eps-converted-to.pdf>
Package pdftex.def Info: figures/pose_estimation-eps-converted-to.pdf  used on 
input line 123.
(pdftex.def)             Requested size: 355.65944pt x 133.03758pt.

Package caption Warning: \label without proper reference on input line 121.
See the caption package documentation for explanation.


LaTeX Warning: Reference `fig:pose_estimation' on page 15 undefined on input li
ne 129.

[15 <./figures/pose_estimation-eps-converted-to.pdf>]
LaTeX Font Info:    Font shape `OT1/ptm/bx/it' in size <12> not available
(Font)              Font shape `OT1/ptm/b/it' tried instead on input line 138.
 [16]
Package epstopdf Info: Source file: <figures/rnn_network.eps>
(epstopdf)                    date: 2020-01-13 22:00:39
(epstopdf)                    size: 379737 bytes
(epstopdf)             Output file: <figures/rnn_network-eps-converted-to.pdf>
(epstopdf)                    date: 2020-01-14 04:44:53
(epstopdf)                    size: 164229 bytes
(epstopdf)             Command: <repstopdf --outfile=figures/rnn_network-eps-co
nverted-to.pdf figures/rnn_network.eps>
(epstopdf)             \includegraphics on input line 168.
Package epstopdf Info: Output file is already uptodate.


pdfTeX warning: /usr/bin/pdflatex (file ./figures/rnn_network-eps-converted-to.
pdf): PDF inclusion: found PDF version <1.7>, but at most version <1.5> allowed

<figures/rnn_network-eps-converted-to.pdf, id=677, 351.3125pt x 195.73125pt>
File: figures/rnn_network-eps-converted-to.pdf Graphic file (type pdf)
<use figures/rnn_network-eps-converted-to.pdf>
Package pdftex.def Info: figures/rnn_network-eps-converted-to.pdf  used on inpu
t line 168.
(pdftex.def)             Requested size: 327.20668pt x 182.31488pt.
[17] [18 <./figures/rnn_network-eps-converted-to.pdf>]
Package epstopdf Info: Source file: <figures/output_prediction.eps>
(epstopdf)                    date: 2020-01-13 21:57:28
(epstopdf)                    size: 71707 bytes
(epstopdf)             Output file: <figures/output_prediction-eps-converted-to
.pdf>
(epstopdf)                    date: 2020-01-14 12:42:43
(epstopdf)                    size: 26218 bytes
(epstopdf)             Command: <repstopdf --outfile=figures/output_prediction-
eps-converted-to.pdf figures/output_prediction.eps>
(epstopdf)             \includegraphics on input line 222.
Package epstopdf Info: Output file is already uptodate.


pdfTeX warning: /usr/bin/pdflatex (file ./figures/output_prediction-eps-convert
ed-to.pdf): PDF inclusion: found PDF version <1.7>, but at most version <1.5> a
llowed
<figures/output_prediction-eps-converted-to.pdf, id=710, 348.30125pt x 263.9862
5pt>
File: figures/output_prediction-eps-converted-to.pdf Graphic file (type pdf)
<use figures/output_prediction-eps-converted-to.pdf>
Package pdftex.def Info: figures/output_prediction-eps-converted-to.pdf  used o
n input line 222.
(pdftex.def)             Requested size: 298.75394pt x 226.4437pt.
[19]

LaTeX Warning: Reference `equ:equ_2' on page 20 undefined on input line 240.

[20 <./figures/output_prediction-eps-converted-to.pdf>]
Package epstopdf Info: Source file: <figures/multi_view_gait_recognition.eps>
(epstopdf)                    date: 2018-12-30 23:43:11
(epstopdf)                    size: 480159 bytes
(epstopdf)             Output file: <figures/multi_view_gait_recognition-eps-co
nverted-to.pdf>
(epstopdf)                    date: 2020-01-14 12:42:43
(epstopdf)                    size: 255601 bytes
(epstopdf)             Command: <repstopdf --outfile=figures/multi_view_gait_re
cognition-eps-converted-to.pdf figures/multi_view_gait_recognition.eps>
(epstopdf)             \includegraphics on input line 255.
Package epstopdf Info: Output file is already uptodate.


pdfTeX warning: /usr/bin/pdflatex (file ./figures/multi_view_gait_recognition-e
ps-converted-to.pdf): PDF inclusion: found PDF version <1.7>, but at most versi
on <1.5> allowed
<figures/multi_view_gait_recognition-eps-converted-to.pdf, id=729, 526.96875pt 
x 188.705pt>
File: figures/multi_view_gait_recognition-eps-converted-to.pdf Graphic file (ty
pe pdf)
<use figures/multi_view_gait_recognition-eps-converted-to.pdf>
Package pdftex.def Info: figures/multi_view_gait_recognition-eps-converted-to.p
df  used on input line 255.
(pdftex.def)             Requested size: 369.88582pt x 132.46115pt.
[21 <./figures/multi_view_gait_recognition-eps-converted-to.pdf>]
Package epstopdf Info: Source file: <figures/3D_CNN.eps>
(epstopdf)                    date: 2018-12-26 19:01:54
(epstopdf)                    size: 45837 bytes
(epstopdf)             Output file: <figures/3D_CNN-eps-converted-to.pdf>
(epstopdf)                    date: 2020-01-16 00:30:57
(epstopdf)                    size: 19093 bytes
(epstopdf)             Command: <repstopdf --outfile=figures/3D_CNN-eps-convert
ed-to.pdf figures/3D_CNN.eps>
(epstopdf)             \includegraphics on input line 276.
Package epstopdf Info: Output file is already uptodate.


pdfTeX warning: /usr/bin/pdflatex (file ./figures/3D_CNN-eps-converted-to.pdf):
 PDF inclusion: found PDF version <1.7>, but at most version <1.5> allowed
<figures/3D_CNN-eps-converted-to.pdf, id=753, 465.74pt x 32.12pt>
File: figures/3D_CNN-eps-converted-to.pdf Graphic file (type pdf)
<use figures/3D_CNN-eps-converted-to.pdf>
Package pdftex.def Info: figures/3D_CNN-eps-converted-to.pdf  used on input lin
e 276.
(pdftex.def)             Requested size: 398.33858pt x 27.47267pt.
[22 <./figures/3D_CNN-eps-converted-to.pdf>]) (./chapters/result_discussion.tex
[23]
Chapter 4.
[24

]
Package epstopdf Info: Source file: <figures/casia_dataset.eps>
(epstopdf)                    date: 2019-01-13 10:56:10
(epstopdf)                    size: 1812315 bytes
(epstopdf)             Output file: <figures/casia_dataset-eps-converted-to.pdf
>
(epstopdf)                    date: 2020-01-19 10:34:53
(epstopdf)                    size: 268202 bytes
(epstopdf)             Command: <repstopdf --outfile=figures/casia_dataset-eps-
converted-to.pdf figures/casia_dataset.eps>
(epstopdf)             \includegraphics on input line 15.
Package epstopdf Info: Output file is already uptodate.


pdfTeX warning: /usr/bin/pdflatex (file ./figures/casia_dataset-eps-converted-t
o.pdf): PDF inclusion: found PDF version <1.7>, but at most version <1.5> allow
ed
<figures/casia_dataset-eps-converted-to.pdf, id=788, 904.37875pt x 733.74126pt>

File: figures/casia_dataset-eps-converted-to.pdf Graphic file (type pdf)
<use figures/casia_dataset-eps-converted-to.pdf>
Package pdftex.def Info: figures/casia_dataset-eps-converted-to.pdf  used on in
put line 15.
(pdftex.def)             Requested size: 312.9803pt x 253.92473pt.
[25 <./figures/casia_dataset-eps-converted-to.pdf>]
Package epstopdf Info: Source file: <figures/casia_a_result.eps>
(epstopdf)                    date: 2020-01-13 22:05:43
(epstopdf)                    size: 107818 bytes
(epstopdf)             Output file: <figures/casia_a_result-eps-converted-to.pd
f>
(epstopdf)                    date: 2020-01-19 10:33:58
(epstopdf)                    size: 32044 bytes
(epstopdf)             Command: <repstopdf --outfile=figures/casia_a_result-eps
-converted-to.pdf figures/casia_a_result.eps>
(epstopdf)             \includegraphics on input line 59.
Package epstopdf Info: Output file is already uptodate.


pdfTeX warning: /usr/bin/pdflatex (file ./figures/casia_a_result-eps-converted-
to.pdf): PDF inclusion: found PDF version <1.7>, but at most version <1.5> allo
wed
<figures/casia_a_result-eps-converted-to.pdf, id=813, 482.80376pt x 315.1775pt>

File: figures/casia_a_result-eps-converted-to.pdf Graphic file (type pdf)
<use figures/casia_a_result-eps-converted-to.pdf>
Package pdftex.def Info: figures/casia_a_result-eps-converted-to.pdf  used on i
nput line 59.
(pdftex.def)             Requested size: 341.43306pt x 222.89749pt.
[26]
Overfull \vbox (15.29997pt too high) detected at line 92
 []


Underfull \hbox (badness 10000) in alignment at lines 81--94
[][][][][][][][]
 []

[27 <./figures/casia_a_result-eps-converted-to.pdf>]
Underfull \hbox (badness 10000) in alignment at lines 104--118
[][][][]
 []

[28]
Overfull \hbox (7.11409pt too wide) in alignment at lines 131--150
[][][][][]
 []

Package epstopdf Info: Source file: <figures/comp_casia_b_without_view.eps>
(epstopdf)                    date: 2020-01-13 22:15:50
(epstopdf)                    size: 94043 bytes
(epstopdf)             Output file: <figures/comp_casia_b_without_view-eps-conv
erted-to.pdf>
(epstopdf)                    date: 2020-01-19 10:37:55
(epstopdf)                    size: 29617 bytes
(epstopdf)             Command: <repstopdf --outfile=figures/comp_casia_b_witho
ut_view-eps-converted-to.pdf figures/comp_casia_b_without_view.eps>
(epstopdf)             \includegraphics on input line 155.
Package epstopdf Info: Output file is already uptodate.


pdfTeX warning: /usr/bin/pdflatex (file ./figures/comp_casia_b_without_view-eps
-converted-to.pdf): PDF inclusion: found PDF version <1.7>, but at most version
 <1.5> allowed
<figures/comp_casia_b_without_view-eps-converted-to.pdf, id=856, 484.81125pt x 
319.1925pt>
File: figures/comp_casia_b_without_view-eps-converted-to.pdf Graphic file (type
 pdf)
<use figures/comp_casia_b_without_view-eps-converted-to.pdf>
Package pdftex.def Info: figures/comp_casia_b_without_view-eps-converted-to.pdf
  used on input line 155.
(pdftex.def)             Requested size: 327.20668pt x 215.44077pt.

Underfull \hbox (badness 10000) in alignment at lines 171--186
[][][][]
 []

[29]
Missing character: There is no â in font ptmr7t!
Missing character: There is no € in font ptmr7t!
Missing character: There is no ™ in font ptmr7t!

Underfull \hbox (badness 10000) in alignment at lines 200--218
[][][][]
 []

Package epstopdf Info: Source file: <figures/comp_casia_b_with_view.eps>
(epstopdf)                    date: 2020-01-14 02:57:41
(epstopdf)                    size: 84451 bytes
(epstopdf)             Output file: <figures/comp_casia_b_with_view-eps-convert
ed-to.pdf>
(epstopdf)                    date: 2020-01-19 10:37:55
(epstopdf)                    size: 30021 bytes
(epstopdf)             Command: <repstopdf --outfile=figures/comp_casia_b_with_
view-eps-converted-to.pdf figures/comp_casia_b_with_view.eps>
(epstopdf)             \includegraphics on input line 223.
Package epstopdf Info: Output file is already uptodate.


pdfTeX warning: /usr/bin/pdflatex (file ./figures/comp_casia_b_with_view-eps-co
nverted-to.pdf): PDF inclusion: found PDF version <1.7>, but at most version <1
.5> allowed
<figures/comp_casia_b_with_view-eps-converted-to.pdf, id=874, 464.73625pt x 276
.03125pt>
File: figures/comp_casia_b_with_view-eps-converted-to.pdf Graphic file (type pd
f)
<use figures/comp_casia_b_with_view-eps-converted-to.pdf>
Package pdftex.def Info: figures/comp_casia_b_with_view-eps-converted-to.pdf  u
sed on input line 223.
(pdftex.def)             Requested size: 327.20668pt x 194.34933pt.
[30 <./figures/comp_casia_b_without_view-eps-converted-to.pdf>]

LaTeX Warning: Citation `table:comp_casia_b_cross_view' on page 31 undefined on
 input line 240.


Overfull \hbox (2.04945pt too wide) in alignment at lines 247--281
[][][][][][]
 []

[31] [32 <./figures/comp_casia_b_with_view-eps-converted-to.pdf>]
Overfull \hbox (14.20421pt too wide) in alignment at lines 301--334
[][][][][][][][][][][][][][][][][][]
 []


Underfull \hbox (badness 10000) in alignment at lines 346--350
[][][][][][][][][][][][]
 []


Overfull \hbox (3.16711pt too wide) in paragraph at lines 346--351
 [][] 
 []

[33]
Package epstopdf Info: Source file: <figures/comp_casia_b_multi_view.eps>
(epstopdf)                    date: 2019-01-14 01:11:38
(epstopdf)                    size: 130475 bytes
(epstopdf)             Output file: <figures/comp_casia_b_multi_view-eps-conver
ted-to.pdf>
(epstopdf)                    date: 2020-01-19 10:37:56
(epstopdf)                    size: 32032 bytes
(epstopdf)             Command: <repstopdf --outfile=figures/comp_casia_b_multi
_view-eps-converted-to.pdf figures/comp_casia_b_multi_view.eps>
(epstopdf)             \includegraphics on input line 357.
Package epstopdf Info: Output file is already uptodate.


pdfTeX warning: /usr/bin/pdflatex (file ./figures/comp_casia_b_multi_view-eps-c
onverted-to.pdf): PDF inclusion: found PDF version <1.7>, but at most version <
1.5> allowed
<figures/comp_casia_b_multi_view-eps-converted-to.pdf, id=924, 471.7625pt x 347
.2975pt>
File: figures/comp_casia_b_multi_view-eps-converted-to.pdf Graphic file (type p
df)
<use figures/comp_casia_b_multi_view-eps-converted-to.pdf>
Package pdftex.def Info: figures/comp_casia_b_multi_view-eps-converted-to.pdf  
used on input line 357.
(pdftex.def)             Requested size: 341.43306pt x 251.35764pt.
) (./chapters/conclusion.tex [34 <./figures/comp_casia_b_multi_view-eps-convert
ed-to.pdf>]
Chapter 5.
) (./pages/bibliography.tex [35

] (./gait_thesis.bbl [36


] [37]
Missing character: There is no Ã in font ptmr7t!
Missing character: There is no ± in font ptmr7t!
 [38] [39]))
[40]
runsystem(makeindex gait_thesis.idx)...executed safely (allowed).

 (./gait_thesis.ind)
Package atveryend Info: Empty hook `BeforeClearDocument' on input line 50.
Package atveryend Info: Empty hook `AfterLastShipout' on input line 50.
 (./gait_thesis.aux)
Package atveryend Info: Executing hook `AtVeryEndDocument' on input line 50.
Package atveryend Info: Executing hook `AtEndAfterFileList' on input line 50.
Package rerunfilecheck Info: File `gait_thesis.out' has not changed.
(rerunfilecheck)             Checksum: 014AF25249F9703144EA0B0FCD051C3E;3536.


LaTeX Warning: There were undefined references.


LaTeX Warning: There were multiply-defined labels.

 ) 
Here is how much of TeX's memory you used:
 16994 strings out of 494333
 269231 string characters out of 6168093
 443262 words of memory out of 5000000
 19898 multiletter control sequences out of 15000+600000
 37738 words of font info for 80 fonts, out of 8000000 for 9000
 309 hyphenation exceptions out of 8191
 60i,23n,94p,2070b,529s stack positions out of 5000i,500n,10000p,200000b,80000s
{/usr/share/texlive/texmf-dist/fonts/enc/dvips/base/8r.enc}</usr/share/texliv
e/texmf-dist/fonts/type1/public/amsfonts/cm/cmbx12.pfb></usr/share/texlive/texm
f-dist/fonts/type1/public/amsfonts/cm/cmex10.pfb></usr/share/texlive/texmf-dist
/fonts/type1/public/amsfonts/cm/cmmi12.pfb></usr/share/texlive/texmf-dist/fonts
/type1/public/amsfonts/cm/cmmi6.pfb></usr/share/texlive/texmf-dist/fonts/type1/
public/amsfonts/cm/cmmi8.pfb></usr/share/texlive/texmf-dist/fonts/type1/public/
amsfonts/cm/cmmib10.pfb></usr/share/texlive/texmf-dist/fonts/type1/public/amsfo
nts/cm/cmr10.pfb></usr/share/texlive/texmf-dist/fonts/type1/public/amsfonts/cm/
cmr12.pfb></usr/share/texlive/texmf-dist/fonts/type1/public/amsfonts/cm/cmr6.pf
b></usr/share/texlive/texmf-dist/fonts/type1/public/amsfonts/cm/cmr8.pfb></usr/
share/texlive/texmf-dist/fonts/type1/public/amsfonts/cm/cmsy10.pfb></usr/share/
texlive/texmf-dist/fonts/type1/public/amsfonts/cm/cmsy8.pfb></usr/share/texlive
/texmf-dist/fonts/type1/public/amsfonts/symbols/msbm10.pfb></usr/share/texlive/
texmf-dist/fonts/type1/urw/times/utmb8a.pfb></usr/share/texlive/texmf-dist/font
s/type1/urw/times/utmbi8a.pfb></usr/share/texlive/texmf-dist/fonts/type1/urw/ti
mes/utmr8a.pfb></usr/share/texlive/texmf-dist/fonts/type1/urw/times/utmr8a.pfb>
</usr/share/texlive/texmf-dist/fonts/type1/urw/times/utmri8a.pfb>
Output written on gait_thesis.pdf (53 pages, 3667852 bytes).
PDF statistics:
 1072 PDF objects out of 1200 (max. 8388607)
 922 compressed objects within 10 object streams
 194 named destinations out of 1000 (max. 500000)
 474 words of extra memory for PDF output out of 10000 (max. 10000000)

