\BOOKMARK [0][-]{Doc-Start}{Certification}{}% 1
\BOOKMARK [0][-]{DTLrowi.1.5}{Candidate's Declaration}{}% 2
\BOOKMARK [0][-]{DTLrowi.2.1}{Abstract}{}% 3
\BOOKMARK [0][-]{DTLrowi.2.1}{Acknowledgement}{}% 4
\BOOKMARK [0][-]{section*.1}{List of Figures}{}% 5
\BOOKMARK [0][-]{section*.2}{List of Tables}{}% 6
\BOOKMARK [0][-]{chapter*.4}{List of Abbreviations}{}% 7
\BOOKMARK [0][-]{chapter.1}{Introduction}{}% 8
\BOOKMARK [1][-]{section.1.1}{Gait and Gait Recognition}{chapter.1}% 9
\BOOKMARK [1][-]{section.1.2}{Challenges in Gait Recognition}{chapter.1}% 10
\BOOKMARK [1][-]{section.1.3}{Problem Definition}{chapter.1}% 11
\BOOKMARK [1][-]{section.1.4}{Objectives of the Thesis}{chapter.1}% 12
\BOOKMARK [1][-]{section.1.5}{Overview of the Thesis}{chapter.1}% 13
\BOOKMARK [1][-]{section.1.6}{Contributions of the Thesis}{chapter.1}% 14
\BOOKMARK [1][-]{section.1.7}{Thesis Outline}{chapter.1}% 15
\BOOKMARK [0][-]{chapter.2}{Literature Review}{}% 16
\BOOKMARK [1][-]{section.2.1}{Appearance-based Methods}{chapter.2}% 17
\BOOKMARK [1][-]{section.2.2}{Model-based Methods}{chapter.2}% 18
\BOOKMARK [1][-]{section.2.3}{Deep Learning for Gait Recognition}{chapter.2}% 19
\BOOKMARK [1][-]{section.2.4}{Pose-based Gait Recognition}{chapter.2}% 20
\BOOKMARK [0][-]{chapter.3}{Methodology}{}% 21
\BOOKMARK [1][-]{section.3.1}{Overview}{chapter.3}% 22
\BOOKMARK [1][-]{section.3.2}{Forming Spatio-Temporal Features}{chapter.3}% 23
\BOOKMARK [2][-]{subsection.3.2.1}{2D Body Joints Feature}{section.3.2}% 24
\BOOKMARK [2][-]{subsection.3.2.2}{Joints Angular Trajectory}{section.3.2}% 25
\BOOKMARK [2][-]{subsection.3.2.3}{Temporal Displacement}{section.3.2}% 26
\BOOKMARK [2][-]{subsection.3.2.4}{Body Part Length Features}{section.3.2}% 27
\BOOKMARK [2][-]{subsection.3.2.5}{Fusion of Features}{section.3.2}% 28
\BOOKMARK [1][-]{section.3.3}{Feature Preprocessing}{chapter.3}% 29
\BOOKMARK [2][-]{subsection.3.3.1}{Data Augmentation}{section.3.3}% 30
\BOOKMARK [2][-]{subsection.3.3.2}{Network Architecture}{section.3.3}% 31
\BOOKMARK [2][-]{subsection.3.3.3}{Training}{section.3.3}% 32
\BOOKMARK [2][-]{subsection.3.3.4}{Loss functions}{section.3.3}% 33
\BOOKMARK [2][-]{subsection.3.3.5}{Post-processing}{section.3.3}% 34
\BOOKMARK [1][-]{section.3.4}{Multi-View gait recognition}{chapter.3}% 35
\BOOKMARK [2][-]{subsection.3.4.1}{Preprocessing}{section.3.4}% 36
\BOOKMARK [2][-]{subsection.3.4.2}{Network architecture}{section.3.4}% 37
\BOOKMARK [2][-]{subsection.3.4.3}{Training}{section.3.4}% 38
\BOOKMARK [0][-]{chapter.4}{Results \046 Discussion}{}% 39
\BOOKMARK [1][-]{section.4.1}{Dataset}{chapter.4}% 40
\BOOKMARK [1][-]{section.4.2}{Single-view Gait Recognition}{chapter.4}% 41
\BOOKMARK [2][-]{subsection.4.2.1}{Experimental Evaluation on CASIA-A dataset}{section.4.2}% 42
\BOOKMARK [2][-]{subsection.4.2.2}{Experimental Evaluation on CASIA-B Dataset}{section.4.2}% 43
\BOOKMARK [1][-]{section.4.3}{Cross-View Gait Recognition}{chapter.4}% 44
\BOOKMARK [2][-]{subsection.4.3.1}{Comparison with the State-of-the-art Methods of CASIA B Dataset on Cross-View Gait Recognition}{section.4.3}% 45
\BOOKMARK [1][-]{section.4.4}{Multi-View Gait Recognition}{chapter.4}% 46
\BOOKMARK [2][-]{subsection.4.4.1}{Comparison with the state-of-the-art methods on multi-view gait recognition}{section.4.4}% 47
\BOOKMARK [0][-]{chapter.5}{Conclusion}{}% 48
\BOOKMARK [1][-]{section.5.1}{Summary of Our Work}{chapter.5}% 49
\BOOKMARK [1][-]{section.5.2}{Future Prospects of Our Work}{chapter.5}% 50
\BOOKMARK [0][-]{section.5.2}{Bibliography}{}% 51
